2016-09-12T17:41:07Z Detecting WebDAV support
2016-09-12T17:41:07Z Sending request...
2016-09-12T17:41:07Z OPTIONS /samsqlserver/
2016-09-12T17:41:08Z Receiving reply...
2016-09-12T17:41:08Z HTTP/1.1 200 OK
Connection: keep-alive
Date: Mon, 12 Sep 2016 17:41:09 GMT
Allow: OPTIONS, TRACE, GET, HEAD, POST
Content-Length: 0
Age: 1
Server: Microsoft-IIS/7.5
Public: OPTIONS, TRACE, GET, HEAD, POST
X-Powered-By: ASP.NET
2016-09-12T17:41:08Z Sending request...
2016-09-12T17:41:08Z PROPFIND /samsqlserver/
2016-09-12T17:41:08Z Receiving reply...
2016-09-12T17:41:08Z HTTP/1.1 405 Method Not Allowed
Connection: keep-alive
Date: Mon, 12 Sep 2016 17:41:10 GMT
Allow: GET, HEAD, OPTIONS, TRACE
Content-Length: 1293
Content-Type: text/html
Age: 0
Server: Microsoft-IIS/7.5
X-Powered-By: ASP.NET
2016-09-12T17:41:08Z Sending request...
2016-09-12T17:41:08Z HEAD /
2016-09-12T17:41:45Z Sending request...
2016-09-12T17:41:45Z HEAD /samsqlserver/
2016-09-12T17:42:27Z Sending request...
2016-09-12T17:42:27Z HEAD /samsqlserver/
2016-09-12T17:46:35Z Sending request...
2016-09-12T17:46:35Z HEAD /
2016-09-12T17:47:20Z Sending request...
2016-09-12T17:47:20Z HEAD /
2016-09-12T17:55:37Z Sending request...
2016-09-12T17:55:37Z HEAD /samsqlserver/
2016-09-12T17:56:49Z Sending request...
2016-09-12T17:56:49Z HEAD /samsqlserver/
2016-09-12T17:57:31Z Sending request...
2016-09-12T17:57:31Z HEAD /
2016-09-12T17:58:13Z Sending request...
2016-09-12T17:58:13Z HEAD /
2016-09-12T18:00:07Z Sending request...
2016-09-12T18:00:07Z PUT /setup-owncloud.php.txt
2016-09-12T18:00:50Z Sending request...
2016-09-12T18:00:50Z HEAD /
2016-09-12T18:01:32Z Sending request...
2016-09-12T18:01:32Z HEAD /
2016-09-12T18:02:14Z Sending request...
2016-09-12T18:02:14Z HEAD /
2016-09-12T18:02:56Z Sending request...
2016-09-12T18:02:56Z HEAD /
2016-09-12T18:03:38Z Sending request...
2016-09-12T18:03:38Z HEAD /
2016-09-12T18:04:20Z Sending request...
2016-09-12T18:04:20Z HEAD /
2016-09-12T18:05:02Z Sending request...
2016-09-12T18:05:02Z HEAD /
2016-09-12T18:05:44Z Sending request...
2016-09-12T18:05:44Z HEAD /
2016-09-12T18:06:49Z Sending request...
2016-09-12T18:06:49Z HEAD /
2016-09-12T18:07:31Z Sending request...
2016-09-12T18:07:31Z HEAD /
2016-09-12T18:08:13Z Sending request...
2016-09-12T18:08:13Z HEAD /
2016-09-12T18:08:55Z Sending request...
2016-09-12T18:08:55Z HEAD /
2016-09-12T18:09:37Z Sending request...
2016-09-12T18:09:37Z HEAD /
2016-09-12T18:10:19Z Sending request...
2016-09-12T18:10:19Z HEAD /
2016-09-12T18:11:01Z Sending request...
2016-09-12T18:11:01Z HEAD /
2016-09-12T18:11:34Z Sending request...
2016-09-12T18:11:34Z HEAD /
2016-09-12T18:13:36Z Sending request...
2016-09-12T18:13:36Z HEAD /
2016-09-12T18:14:23Z Sending request...
2016-09-12T18:14:23Z HEAD /
2016-09-12T18:15:20Z Sending request...
2016-09-12T18:15:20Z HEAD /
2016-09-12T18:16:03Z Sending request...
2016-09-12T18:16:03Z HEAD /
2016-09-12T18:17:58Z Sending request...
2016-09-12T18:17:58Z HEAD /
2016-09-12T18:18:40Z Sending request...
2016-09-12T18:18:40Z HEAD /
2016-09-12T18:19:22Z Sending request...
2016-09-12T18:19:22Z HEAD /
2016-09-12T18:20:04Z Sending request...
2016-09-12T18:20:04Z HEAD /
2016-09-12T18:21:04Z Sending request...
2016-09-12T18:21:04Z HEAD /
2016-09-12T18:22:09Z Sending request...
2016-09-12T18:22:09Z HEAD /
2016-09-12T18:22:51Z Sending request...
2016-09-12T18:22:51Z HEAD /
2016-09-12T18:23:33Z Sending request...
2016-09-12T18:23:33Z HEAD /
2016-09-12T18:24:15Z Sending request...
2016-09-12T18:24:15Z HEAD /
2016-09-12T18:24:57Z Sending request...
2016-09-12T18:24:57Z HEAD /
2016-09-12T18:26:16Z Sending request...
2016-09-12T18:26:16Z HEAD /
2016-09-12T18:27:17Z Sending request...
2016-09-12T18:27:17Z HEAD /
2016-09-12T18:29:17Z Sending request...
2016-09-12T18:29:17Z HEAD /
2016-09-12T18:29:59Z Sending request...
2016-09-12T18:29:59Z HEAD /
2016-09-12T18:30:00Z Sending request...
2016-09-12T18:30:00Z HEAD /
2016-09-12T18:30:54Z Sending request...
2016-09-12T18:30:54Z HEAD /
2016-09-12T18:32:00Z Sending request...
2016-09-12T18:32:00Z HEAD /
2016-09-12T18:32:42Z Sending request...
2016-09-12T18:32:42Z HEAD /
2016-09-12T18:33:24Z Sending request...
2016-09-12T18:33:24Z HEAD /
2016-09-12T18:34:06Z Sending request...
2016-09-12T18:34:06Z HEAD /
2016-09-12T18:34:48Z Sending request...
2016-09-12T18:34:48Z HEAD /
2016-09-12T18:35:30Z Sending request...
2016-09-12T18:35:30Z HEAD /
2016-09-12T18:36:12Z Sending request...
2016-09-12T18:36:12Z HEAD /
2016-09-12T18:36:54Z Sending request...
2016-09-12T18:36:54Z HEAD /
2016-09-12T18:38:13Z Sending request...
2016-09-12T18:38:13Z HEAD /
2016-09-12T18:38:55Z Sending request...
2016-09-12T18:38:55Z HEAD /
2016-09-12T18:39:37Z Sending request...
2016-09-12T18:39:37Z HEAD /
