2016-09-12T21:53:20Z Resolving host name "samsqlserver.xyz"
2016-09-12T21:53:20Z Proxy: Resolving host name ftp.samsqlserver.xyz
2016-09-12T21:53:20Z Connecting to 50.63.202.36 Port: 21
2016-09-12T21:53:20Z Proxy: Connecting to SOCKS4 proxy server ftp.samsqlserver.xyz Port: 21
2016-09-12T21:53:20Z Proxy: Connecting to SOCKS4 proxy server ftp.samsqlserver.xyz Port: 21
2016-09-12T21:53:41Z Client closed the connection.
2016-09-12T21:53:41Z A connection attempt failed because the connected party did not properly respond after a period of time, or established connection failed because connected host has failed to respond.
2016-09-12T21:55:22Z Resolving host name "samsqlserver.xyz"
2016-09-12T21:55:22Z Proxy: Resolving host name ftp.samsqlserver.xyz
2016-09-12T21:55:22Z Connecting to 50.63.202.36 Port: 21
2016-09-12T21:55:22Z Proxy: Connecting to SOCKS4 proxy server ftp.samsqlserver.xyz Port: 21
2016-09-12T21:55:22Z Proxy: Connecting to SOCKS4 proxy server ftp.samsqlserver.xyz Port: 21
2016-09-12T21:55:43Z Client closed the connection.
2016-09-12T21:55:43Z A connection attempt failed because the connected party did not properly respond after a period of time, or established connection failed because connected host has failed to respond.
2016-09-12T22:22:58Z Resolving host name "ftp.samsqlserver.xyz"
2016-09-12T22:22:58Z Proxy: Resolving host name ftp.samsqlserver.xyz
2016-09-12T22:22:58Z Connecting to 50.63.202.36 Port: 21
2016-09-12T22:22:58Z Proxy: Connecting to HTTP proxy server ftp.samsqlserver.xyz Port: 21
2016-09-12T22:22:58Z Proxy: Connecting to HTTP proxy server ftp.samsqlserver.xyz Port: 21
2016-09-12T22:23:19Z Client closed the connection.
2016-09-12T22:23:19Z A connection attempt failed because the connected party did not properly respond after a period of time, or established connection failed because connected host has failed to respond.
