2016-09-12T21:51:51Z Resolving host name "samsqlserver.xyz"
2016-09-12T21:51:51Z Proxy: Resolving host name ftp.samsqlserver.xyz
2016-09-12T21:51:51Z Connecting to 50.63.202.36 Port: 21
2016-09-12T21:51:51Z Proxy: Connecting to SOCKS4 proxy server ftp.samsqlserver.xyz Port: 21
2016-09-12T21:51:51Z Proxy: Connecting to SOCKS4 proxy server ftp.samsqlserver.xyz Port: 21
2016-09-12T21:52:12Z Client closed the connection.
2016-09-12T21:52:12Z A connection attempt failed because the connected party did not properly respond after a period of time, or established connection failed because connected host has failed to respond.
2016-09-12T22:02:26Z Resolving host name "samsqlserver.xyz"
2016-09-12T22:02:26Z Proxy: Resolving host name ftp.samsqlserver.xyz
2016-09-12T22:02:26Z Connecting to 50.63.202.36 Port: 21
2016-09-12T22:02:26Z Proxy: Connecting to SOCKS4 proxy server ftp.samsqlserver.xyz Port: 21
2016-09-12T22:02:26Z Proxy: Connecting to SOCKS4 proxy server ftp.samsqlserver.xyz Port: 21
2016-09-12T22:02:47Z Client closed the connection.
2016-09-12T22:02:47Z A connection attempt failed because the connected party did not properly respond after a period of time, or established connection failed because connected host has failed to respond.
2016-09-12T22:17:57Z Resolving host name "ftp.samsqlserver.xyz"
2016-09-12T22:17:57Z Proxy: Resolving host name ftp.samsqlserver.xyz
2016-09-12T22:17:57Z Connecting to 50.63.202.36 Port: 21
2016-09-12T22:17:57Z Proxy: Connecting to HTTP proxy server ftp.samsqlserver.xyz Port: 21
2016-09-12T22:17:57Z Proxy: Connecting to HTTP proxy server ftp.samsqlserver.xyz Port: 21
2016-09-12T22:18:18Z Client closed the connection.
2016-09-12T22:18:18Z A connection attempt failed because the connected party did not properly respond after a period of time, or established connection failed because connected host has failed to respond.
