2016-09-12T21:38:25Z Resolving host name "samsqlserver.xyz"
2016-09-12T21:38:25Z Proxy: Resolving host name ftp.samsqlserver.xyz
2016-09-12T21:38:25Z Connecting to 50.63.202.36 Port: 21
2016-09-12T21:38:25Z Proxy: Connecting to SOCKS4 proxy server ftp.samsqlserver.xyz Port: 21
2016-09-12T21:38:25Z Proxy: Connecting to SOCKS4 proxy server ftp.samsqlserver.xyz Port: 21
2016-09-12T21:38:46Z Client closed the connection.
2016-09-12T21:38:46Z A connection attempt failed because the connected party did not properly respond after a period of time, or established connection failed because connected host has failed to respond.
2016-09-12T21:42:48Z Resolving host name "samsqlserver.xyz"
2016-09-12T21:42:48Z Proxy: Resolving host name ftp.samsqlserver.xyz
2016-09-12T21:42:48Z Connecting to 50.63.202.36 Port: 21
2016-09-12T21:42:48Z Proxy: Connecting to SOCKS4 proxy server ftp.samsqlserver.xyz Port: 21
2016-09-12T21:42:48Z Proxy: Connecting to SOCKS4 proxy server ftp.samsqlserver.xyz Port: 21
2016-09-12T21:43:09Z Client closed the connection.
2016-09-12T21:43:09Z A connection attempt failed because the connected party did not properly respond after a period of time, or established connection failed because connected host has failed to respond.
2016-09-12T21:46:41Z Resolving host name "samsqlserver.xyz"
2016-09-12T21:46:41Z Proxy: Resolving host name ftp.samsqlserver.xyz
2016-09-12T21:46:41Z Connecting to 50.63.202.36 Port: 21
2016-09-12T21:46:41Z Proxy: Connecting to SOCKS4 proxy server ftp.samsqlserver.xyz Port: 21
2016-09-12T21:46:41Z Proxy: Connecting to SOCKS4 proxy server ftp.samsqlserver.xyz Port: 21
2016-09-12T21:47:02Z Client closed the connection.
2016-09-12T21:47:02Z A connection attempt failed because the connected party did not properly respond after a period of time, or established connection failed because connected host has failed to respond.
